<?xml version="1.0" encoding="UTF-8"?>
<testng-results skipped="0" failed="0" total="4" passed="4">
  <reporter-output>
  </reporter-output>
  <suite name="Login Suite" duration-ms="66759" started-at="2020-06-02T15:50:35Z" finished-at="2020-06-02T15:51:42Z">
    <groups>
    </groups>
    <test name="Login to application" duration-ms="66759" started-at="2020-06-02T15:50:35Z" finished-at="2020-06-02T15:51:42Z">
      <class name="loginWithDataProviderAnnotation.Login">
        <test-method status="PASS" signature="login(java.lang.String, java.lang.String)[pri:0, instance:loginWithDataProviderAnnotation.Login@1bc6a36e]" name="login" duration-ms="26828" started-at="2020-06-02T21:20:35Z" data-provider="loginData" finished-at="2020-06-02T21:21:02Z">
          <params>
            <param index="0">
              <value>
                <![CDATA[Admin]]>
              </value>
            </param>
            <param index="1">
              <value>
                <![CDATA[admin123]]>
              </value>
            </param>
          </params>
          <reporter-output>
          </reporter-output>
        </test-method> <!-- login -->
        <test-method status="PASS" signature="login(java.lang.String, java.lang.String)[pri:0, instance:loginWithDataProviderAnnotation.Login@1bc6a36e]" name="login" duration-ms="13278" started-at="2020-06-02T21:21:02Z" data-provider="loginData" finished-at="2020-06-02T21:21:15Z">
          <params>
            <param index="0">
              <value>
                <![CDATA[Admin1]]>
              </value>
            </param>
            <param index="1">
              <value>
                <![CDATA[admin1231]]>
              </value>
            </param>
          </params>
          <reporter-output>
          </reporter-output>
        </test-method> <!-- login -->
        <test-method status="PASS" signature="login(java.lang.String, java.lang.String)[pri:0, instance:loginWithDataProviderAnnotation.Login@1bc6a36e]" name="login" duration-ms="13357" started-at="2020-06-02T21:21:15Z" data-provider="loginData" finished-at="2020-06-02T21:21:29Z">
          <params>
            <param index="0">
              <value>
                <![CDATA[Admin]]>
              </value>
            </param>
            <param index="1">
              <value>
                <![CDATA[admin1231]]>
              </value>
            </param>
          </params>
          <reporter-output>
          </reporter-output>
        </test-method> <!-- login -->
        <test-method status="PASS" signature="login(java.lang.String, java.lang.String)[pri:0, instance:loginWithDataProviderAnnotation.Login@1bc6a36e]" name="login" duration-ms="13110" started-at="2020-06-02T21:21:29Z" data-provider="loginData" finished-at="2020-06-02T21:21:42Z">
          <params>
            <param index="0">
              <value>
                <![CDATA[Admin1]]>
              </value>
            </param>
            <param index="1">
              <value>
                <![CDATA[admin123]]>
              </value>
            </param>
          </params>
          <reporter-output>
          </reporter-output>
        </test-method> <!-- login -->
      </class> <!-- loginWithDataProviderAnnotation.Login -->
    </test> <!-- Login to application -->
  </suite> <!-- Login Suite -->
</testng-results>
