<?xml version="1.0" encoding="UTF-8"?>
<!-- Generated by org.testng.reporters.JUnitXMLReporter -->
<testsuite hostname="Rithvik" name="Login Test Cases" tests="4" failures="0" timestamp="2 Jun 2020 11:43:44 GMT" time="79.719" errors="0">
  <testcase name="loginWithBothcorrect" time="27.709" classname="loginWithDataProviderAnnotation.LoginWithBothCorrect"/>
  <testcase name="loginWithBothcorrect" time="20.782" classname="loginWithDataProviderAnnotation.LoginWithBothIncorrect"/>
  <testcase name="loginWithBothcorrect" time="16.383" classname="loginWithDataProviderAnnotation.LoginWithcorrectPassword"/>
  <testcase name="loginWithBothcorrect" time="14.697" classname="loginWithDataProviderAnnotation.LoginWithCorrectUsername"/>
</testsuite> <!-- Login Test Cases -->
