<?xml version="1.0" encoding="UTF-8"?>
<!-- Generated by org.testng.reporters.JUnitXMLReporter -->
<testsuite hostname="Rithvik" name="Login to application" tests="4" failures="0" timestamp="2 Jun 2020 15:51:42 GMT" time="66.759" errors="0">
  <testcase name="login" time="26.828" classname="loginWithDataProviderAnnotation.Login"/>
  <testcase name="login" time="13.278" classname="loginWithDataProviderAnnotation.Login"/>
  <testcase name="login" time="13.357" classname="loginWithDataProviderAnnotation.Login"/>
  <testcase name="login" time="13.11" classname="loginWithDataProviderAnnotation.Login"/>
</testsuite> <!-- Login to application -->
